<?xml version="1.0" encoding="UTF-8"?>
<!-- Generated by org.testng.reporters.JUnitReportReporter -->
<testsuite hostname="LAPTOP-GFNM6CPS" failures="0" tests="1" name="Demo1.Sample1" time="0.015" errors="0" timestamp="2024-11-26T23:02:21 IST" skipped="0">
  <testcase classname="Demo1.Sample1" name="Name" time="0.015"/>
  <system-out/>
</testsuite> <!-- Demo1.Sample1 -->
