<?xml version="1.0" encoding="UTF-8"?>
<!-- Generated by org.testng.reporters.JUnitReportReporter -->
<testsuite hostname="LAPTOP-GFNM6CPS" failures="0" tests="1" name="Module1_LoginTest.SwagLabLoginTest" time="7.214" errors="0" timestamp="2024-12-20T20:55:48 IST" skipped="0">
  <testcase classname="Module1_LoginTest.SwagLabLoginTest" name="verifyLogo" time="7.214"/>
</testsuite> <!-- Module1_LoginTest.SwagLabLoginTest -->
